TN:
SF:app.js
FN:8,(anonymous_0)
FNF:1
FNH:0
FNDA:0,(anonymous_0)
DA:2,1
DA:3,1
DA:5,1
DA:6,1
DA:8,1
DA:9,0
DA:12,1
DA:14,1
LF:8
LH:7
BRF:0
BRH:0
end_of_record
TN:
SF:controllers\etudiantController.js
FN:4,(anonymous_0)
FN:21,(anonymous_1)
FN:55,(anonymous_2)
FN:74,(anonymous_3)
FN:83,(anonymous_4)
FN:92,(anonymous_5)
FN:115,(anonymous_6)
FNF:7
FNH:4
FNDA:0,(anonymous_0)
FNDA:1,(anonymous_1)
FNDA:2,(anonymous_2)
FNDA:0,(anonymous_3)
FNDA:0,(anonymous_4)
FNDA:1,(anonymous_5)
FNDA:1,(anonymous_6)
DA:1,1
DA:2,1
DA:4,1
DA:5,0
DA:6,0
DA:7,0
DA:8,0
DA:11,0
DA:15,0
DA:17,0
DA:21,1
DA:22,1
DA:23,1
DA:25,1
DA:26,0
DA:29,1
DA:30,0
DA:33,1
DA:34,0
DA:37,1
DA:38,1
DA:41,0
DA:42,0
DA:44,0
DA:47,0
DA:48,0
DA:51,0
DA:55,1
DA:56,2
DA:57,2
DA:58,1
DA:61,1
DA:63,1
DA:64,0
DA:67,1
DA:70,0
DA:74,1
DA:75,0
DA:76,0
DA:77,0
DA:79,0
DA:83,1
DA:84,0
DA:85,0
DA:86,0
DA:88,0
DA:92,1
DA:93,1
DA:94,1
DA:95,0
DA:98,1
DA:104,1
DA:105,0
DA:108,1
DA:111,0
DA:115,1
DA:116,1
DA:117,1
DA:119,1
DA:120,0
DA:123,1
DA:126,0
LF:62
LH:31
BRDA:7,0,0,0
BRDA:7,0,1,0
BRDA:25,1,0,0
BRDA:25,1,1,1
BRDA:25,2,0,1
BRDA:25,2,1,1
BRDA:29,3,0,0
BRDA:29,3,1,1
BRDA:33,4,0,0
BRDA:33,4,1,1
BRDA:33,5,0,1
BRDA:33,5,1,1
BRDA:37,6,0,1
BRDA:37,6,1,0
BRDA:37,7,0,1
BRDA:37,7,1,0
BRDA:47,8,0,0
BRDA:47,8,1,0
BRDA:57,9,0,1
BRDA:57,9,1,1
BRDA:63,10,0,0
BRDA:63,10,1,1
BRDA:94,11,0,0
BRDA:94,11,1,1
BRDA:104,12,0,0
BRDA:104,12,1,1
BRDA:119,13,0,0
BRDA:119,13,1,1
BRF:28
BRH:15
end_of_record
TN:
SF:models\Etudiant.js
FNF:0
FNH:0
DA:1,1
DA:3,1
DA:51,1
DA:53,1
LF:4
LH:4
BRF:0
BRH:0
end_of_record
TN:
SF:routes\etudiantRoutes.js
FNF:0
FNH:0
DA:1,1
DA:2,1
DA:12,1
DA:14,1
DA:15,1
DA:17,1
DA:18,1
DA:20,1
DA:21,1
DA:22,1
DA:24,1
LF:11
LH:11
BRF:0
BRH:0
end_of_record
TN:
SF:utils\calculNote.js
FN:3,additionner
FN:11,isValidMoyenne
FN:18,calculMention
FNF:3
FNH:3
FNDA:3,additionner
FNDA:16,isValidMoyenne
FNDA:9,calculMention
DA:4,3
DA:12,16
DA:13,13
DA:19,9
DA:20,1
DA:22,8
DA:23,2
DA:25,6
DA:26,4
DA:27,3
DA:28,3
DA:29,2
DA:32,1
LF:13
LH:13
BRDA:12,0,0,3
BRDA:12,0,1,13
BRDA:12,1,0,16
BRDA:12,1,1,13
BRDA:13,2,0,13
BRDA:13,2,1,11
BRDA:19,3,0,1
BRDA:19,3,1,8
BRDA:19,4,0,9
BRDA:19,4,1,8
BRDA:22,5,0,2
BRDA:22,5,1,6
BRDA:25,6,0,2
BRDA:25,6,1,4
BRDA:26,7,0,1
BRDA:26,7,1,3
BRDA:27,8,0,0
BRDA:27,8,1,3
BRDA:28,9,0,1
BRDA:28,9,1,2
BRF:20
BRH:19
end_of_record
