TN:
SF:utils\calculNote.js
FN:3,additionner
FN:11,isValidMoyenne
FN:18,calculMention
FNF:3
FNH:3
FNDA:3,additionner
FNDA:16,isValidMoyenne
FNDA:9,calculMention
DA:4,3
DA:12,16
DA:13,13
DA:19,9
DA:20,1
DA:22,8
DA:23,2
DA:25,6
DA:26,4
DA:27,3
DA:28,3
DA:29,2
DA:32,1
LF:13
LH:13
BRDA:12,0,0,3
BRDA:12,0,1,13
BRDA:12,1,0,16
BRDA:12,1,1,13
BRDA:13,2,0,13
BRDA:13,2,1,11
BRDA:19,3,0,1
BRDA:19,3,1,8
BRDA:19,4,0,9
BRDA:19,4,1,8
BRDA:22,5,0,2
BRDA:22,5,1,6
BRDA:25,6,0,2
BRDA:25,6,1,4
BRDA:26,7,0,1
BRDA:26,7,1,3
BRDA:27,8,0,0
BRDA:27,8,1,3
BRDA:28,9,0,1
BRDA:28,9,1,2
BRF:20
BRH:19
end_of_record
